{
  "RSpec": {
    "coverage": {
      "/usr/src/app/app/ports/clients/customer_service_client.rb": {
        "lines": [
          1,
          1,
          1,
          0,
          null,
          null,
          null
        ],
        "branches": {}
      },
      "/usr/src/app/app/ports/events/order_event_publisher.rb": {
        "lines": [
          1,
          1,
          1,
          0,
          null,
          null,
          null
        ],
        "branches": {}
      },
      "/usr/src/app/app/adapters/broker/rabbitmq_publisher.rb": {
        "lines": [
          1,
          1,
          1,
          5,
          5,
          5,
          5,
          5,
          5,
          5,
          null,
          null,
          1,
          null,
          4,
          null,
          null,
          null,
          4,
          null,
          null,
          null,
          null,
          null,
          null,
          4,
          null,
          null,
          null
        ],
        "branches": {
          "[:if, 0, 26, 6, 26, 44]": {
            "[:then, 1, 26, 6, 26, 23]": 4,
            "[:else, 2, 26, 6, 26, 44]": 0
          }
        }
      },
      "/usr/src/app/app/adapters/http/customer_service.rb": {
        "lines": [
          1,
          1,
          1,
          15,
          null,
          null,
          1,
          4,
          3,
          null,
          2,
          null,
          1,
          null,
          null,
          null
        ],
        "branches": {
          "[:unless, 0, 9, 6, 9, 46]": {
            "[:else, 1, 9, 6, 9, 46]": 2,
            "[:then, 2, 9, 6, 9, 16]": 1
          }
        }
      },
      "/usr/src/app/app/services/application_service.rb": {
        "lines": [
          1,
          1,
          0,
          null,
          null,
          null
        ],
        "branches": {}
      },
      "/usr/src/app/app/services/orders/create.rb": {
        "lines": [
          1,
          1,
          1,
          null,
          1,
          null,
          1,
          8,
          8,
          8,
          null,
          null,
          1,
          8,
          6,
          5,
          5,
          null,
          1,
          null,
          0,
          null,
          null,
          1,
          null,
          1,
          8,
          null,
          null,
          1,
          5,
          null,
          null,
          null,
          null,
          null,
          1,
          8,
          8,
          null,
          null,
          null
        ],
        "branches": {
          "[:if, 0, 39, 6, 39, 72]": {
            "[:then, 1, 39, 6, 39, 55]": 2,
            "[:else, 2, 39, 6, 39, 72]": 6
          }
        }
      },
      "/usr/src/app/app/errors/orders/error.rb": {
        "lines": [
          1,
          1,
          null
        ],
        "branches": {}
      },
      "/usr/src/app/app/services/orders/list.rb": {
        "lines": [
          1,
          1,
          1,
          null,
          1,
          null,
          1,
          4,
          4,
          4,
          4,
          null,
          null,
          1,
          4,
          2,
          null,
          null,
          null,
          null,
          1,
          null,
          1,
          4,
          null,
          null,
          1,
          4,
          4,
          null,
          null,
          null
        ],
        "branches": {
          "[:if, 0, 29, 6, 29, 72]": {
            "[:then, 1, 29, 6, 29, 55]": 2,
            "[:else, 2, 29, 6, 29, 72]": 2
          }
        }
      },
      "/usr/src/app/app/channels/application_cable/channel.rb": {
        "lines": [
          1,
          1,
          null,
          null
        ],
        "branches": {}
      },
      "/usr/src/app/app/channels/application_cable/connection.rb": {
        "lines": [
          1,
          1,
          null,
          null
        ],
        "branches": {}
      },
      "/usr/src/app/app/controllers/application_controller.rb": {
        "lines": [
          1,
          1,
          null,
          1,
          0,
          null,
          null,
          1,
          0,
          null,
          null
        ],
        "branches": {}
      },
      "/usr/src/app/app/controllers/orders_controller.rb": {
        "lines": [
          1,
          1,
          2,
          null,
          null,
          1,
          3,
          2,
          null,
          null,
          1,
          2,
          null,
          null,
          null,
          null,
          1,
          null,
          null,
          1,
          null,
          1,
          3,
          null,
          null
        ],
        "branches": {}
      },
      "/usr/src/app/app/jobs/application_job.rb": {
        "lines": [
          1,
          null,
          null,
          null,
          null,
          null,
          null
        ],
        "branches": {}
      },
      "/usr/src/app/app/mailers/application_mailer.rb": {
        "lines": [
          1,
          1,
          1,
          null
        ],
        "branches": {}
      },
      "/usr/src/app/app/models/application_record.rb": {
        "lines": [
          1,
          1,
          null
        ],
        "branches": {}
      },
      "/usr/src/app/app/models/order.rb": {
        "lines": [
          1,
          1,
          null,
          null,
          null,
          null,
          null,
          null,
          1,
          1,
          1,
          1,
          null
        ],
        "branches": {}
      },
      "/usr/src/app/app/serializers/order_serializer.rb": {
        "lines": [
          1,
          1,
          null
        ],
        "branches": {}
      }
    },
    "timestamp": 1753451183
  }
}
