{
  "RSpec": {
    "coverage": {
      "/usr/src/app/app/adapters/broker/rabbitmq_consumer.rb": {
        "lines": [
          1,
          1,
          1,
          1,
          1,
          null,
          1,
          1,
          null,
          1,
          1,
          1,
          null,
          1,
          1,
          null,
          null,
          1,
          1,
          1,
          1,
          1,
          null,
          null,
          null,
          null
        ],
        "branches": {}
      },
      "/usr/src/app/app/listeners/orders/order_created_listener.rb": {
        "lines": [
          1,
          1,
          1,
          1,
          null,
          null,
          1,
          1,
          1,
          1,
          1,
          1,
          1,
          null,
          0,
          0,
          null,
          null,
          null,
          null
        ],
        "branches": {}
      },
      "/usr/src/app/app/models/customer.rb": {
        "lines": [
          1,
          1,
          null,
          1,
          1,
          null
        ],
        "branches": {}
      },
      "/usr/src/app/app/models/application_record.rb": {
        "lines": [
          1,
          1,
          null
        ],
        "branches": {}
      },
      "/usr/src/app/app/services/customers/fetch_all.rb": {
        "lines": [
          1,
          1,
          1,
          2,
          null,
          null,
          null
        ],
        "branches": {}
      },
      "/usr/src/app/app/services/application_service.rb": {
        "lines": [
          1,
          1,
          3,
          null,
          null,
          null
        ],
        "branches": {}
      },
      "/usr/src/app/app/services/customers/fetch_customer.rb": {
        "lines": [
          1,
          1,
          1,
          null,
          1,
          4,
          null,
          null,
          1,
          4,
          null,
          2,
          null,
          null,
          null,
          null
        ],
        "branches": {}
      },
      "/usr/src/app/app/services/orders/handle_created.rb": {
        "lines": [
          1,
          1,
          1,
          null,
          1,
          2,
          null,
          null,
          1,
          2,
          2,
          null,
          1,
          null,
          null,
          null
        ],
        "branches": {
          "[:unless, 0, 11, 6, 11, 28]": {
            "[:else, 1, 11, 6, 11, 28]": 1,
            "[:then, 2, 11, 6, 11, 12]": 1
          }
        }
      },
      "/usr/src/app/app/controllers/customers_controller.rb": {
        "lines": [
          1,
          null,
          1,
          1,
          1,
          null,
          null,
          1,
          2,
          2,
          1,
          null,
          1,
          null,
          null,
          null
        ],
        "branches": {
          "[:if, 0, 10, 4, 14, 7]": {
            "[:then, 1, 11, 6, 11, 72]": 1,
            "[:else, 2, 13, 6, 13, 70]": 1
          }
        }
      },
      "/usr/src/app/app/controllers/application_controller.rb": {
        "lines": [
          1,
          null
        ],
        "branches": {}
      },
      "/usr/src/app/app/serializers/customer_serializer.rb": {
        "lines": [
          1,
          1,
          null,
          null
        ],
        "branches": {}
      }
    },
    "timestamp": 1753454305
  }
}
